<?xml version="1.0" encoding="UTF-8"?>
<coverage generated="1653583123628" clover="3.2.0">
  <project timestamp="1653583123629" name="All files">
    <metrics statements="197" coveredstatements="189" conditionals="113" coveredconditionals="104" methods="37" coveredmethods="35" elements="347" coveredelements="328" complexity="0" loc="197" ncloc="197" packages="2" files="6" classes="6"/>
    <package name="src">
      <metrics statements="18" coveredstatements="17" conditionals="8" coveredconditionals="5" methods="3" coveredmethods="3"/>
      <file name="extend.ts" path="C:/Users/pedro/Projetos/decimal.js-i18n/src/extend.ts">
        <metrics statements="8" coveredstatements="7" conditionals="4" coveredconditionals="3" methods="1" coveredmethods="1"/>
        <line num="16" count="1" type="stmt"/>
        <line num="17" count="1" type="cond" truecount="3" falsecount="1"/>
        <line num="18" count="0" type="stmt"/>
        <line num="21" count="1" type="stmt"/>
        <line num="22" count="1" type="stmt"/>
        <line num="23" count="1" type="stmt"/>
        <line num="24" count="1" type="stmt"/>
        <line num="26" count="1" type="stmt"/>
      </file>
      <file name="index.ts" path="C:/Users/pedro/Projetos/decimal.js-i18n/src/index.ts">
        <metrics statements="10" coveredstatements="10" conditionals="4" coveredconditionals="2" methods="2" coveredmethods="2"/>
        <line num="9" count="1" type="stmt"/>
        <line num="10" count="1" type="stmt"/>
        <line num="13" count="1" type="stmt"/>
        <line num="15" count="1" type="cond" truecount="1" falsecount="1"/>
        <line num="17" count="1" type="stmt"/>
        <line num="18" count="1" type="stmt"/>
        <line num="20" count="4" type="stmt"/>
        <line num="25" count="1" type="cond" truecount="1" falsecount="1"/>
        <line num="69" count="1" type="stmt"/>
        <line num="70" count="1" type="stmt"/>
      </file>
    </package>
    <package name="src.format">
      <metrics statements="179" coveredstatements="172" conditionals="105" coveredconditionals="99" methods="34" coveredmethods="32"/>
      <file name="constants.ts" path="C:/Users/pedro/Projetos/decimal.js-i18n/src/format/constants.ts">
        <metrics statements="9" coveredstatements="9" conditionals="0" coveredconditionals="0" methods="0" coveredmethods="0"/>
        <line num="8" count="1" type="stmt"/>
        <line num="14" count="1" type="stmt"/>
        <line num="24" count="1" type="stmt"/>
        <line num="31" count="1" type="stmt"/>
        <line num="37" count="1" type="stmt"/>
        <line num="40" count="1" type="stmt"/>
        <line num="58" count="1" type="stmt"/>
        <line num="220" count="1" type="stmt"/>
        <line num="452" count="1" type="stmt"/>
      </file>
      <file name="index.ts" path="C:/Users/pedro/Projetos/decimal.js-i18n/src/format/index.ts">
        <metrics statements="116" coveredstatements="115" conditionals="73" coveredconditionals="69" methods="15" coveredmethods="15"/>
        <line num="8" count="1" type="stmt"/>
        <line num="11" count="1" type="stmt"/>
        <line num="20" count="1" type="stmt"/>
        <line num="22" count="1" type="stmt"/>
        <line num="33" count="5520" type="stmt"/>
        <line num="34" count="1" type="stmt"/>
        <line num="46" count="1" type="stmt"/>
        <line num="47" count="1" type="stmt"/>
        <line num="48" count="1169" type="stmt"/>
        <line num="87" count="1169" type="stmt"/>
        <line num="90" count="1169" type="stmt"/>
        <line num="92" count="1169" type="cond" truecount="2" falsecount="0"/>
        <line num="94" count="5" type="cond" truecount="1" falsecount="1"/>
        <line num="98" count="1164" type="stmt"/>
        <line num="99" count="1164" type="stmt"/>
        <line num="102" count="1164" type="stmt"/>
        <line num="103" count="1164" type="stmt"/>
        <line num="107" count="1164" type="stmt"/>
        <line num="108" count="1164" type="stmt"/>
        <line num="111" count="1164" type="stmt"/>
        <line num="112" count="1164" type="stmt"/>
        <line num="115" count="1164" type="stmt"/>
        <line num="117" count="11640" type="stmt"/>
        <line num="118" count="1164" type="stmt"/>
        <line num="119" count="1164" type="stmt"/>
        <line num="122" count="1164" type="stmt"/>
        <line num="125" count="4590" type="stmt"/>
        <line num="126" count="4584" type="stmt"/>
        <line num="127" count="1164" type="stmt"/>
        <line num="128" count="1164" type="stmt"/>
        <line num="129" count="20642" type="stmt"/>
        <line num="131" count="20642" type="cond" truecount="2" falsecount="0"/>
        <line num="132" count="335" type="stmt"/>
        <line num="135" count="20642" type="stmt"/>
        <line num="139" count="1164" type="stmt"/>
        <line num="140" count="25226" type="stmt"/>
        <line num="141" count="25226" type="stmt"/>
        <line num="144" count="25226" type="stmt"/>
        <line num="147" count="25226" type="cond" truecount="6" falsecount="0"/>
        <line num="148" count="4584" type="stmt"/>
        <line num="152" count="20642" type="cond" truecount="2" falsecount="0"/>
        <line num="153" count="20642" type="stmt"/>
        <line num="154" count="20642" type="stmt"/>
        <line num="155" count="20642" type="stmt"/>
        <line num="156" count="20642" type="stmt"/>
        <line num="157" count="20642" type="stmt"/>
        <line num="158" count="20642" type="stmt"/>
        <line num="163" count="20642" type="cond" truecount="4" falsecount="0"/>
        <line num="164" count="3664" type="stmt"/>
        <line num="165" count="3664" type="stmt"/>
        <line num="166" count="3664" type="stmt"/>
        <line num="168" count="3664" type="cond" truecount="2" falsecount="0"/>
        <line num="169" count="888" type="stmt"/>
        <line num="174" count="20642" type="cond" truecount="5" falsecount="0"/>
        <line num="175" count="4584" type="stmt"/>
        <line num="176" count="4584" type="stmt"/>
        <line num="180" count="20642" type="cond" truecount="2" falsecount="0"/>
        <line num="183" count="20642" type="stmt"/>
        <line num="184" count="20642" type="stmt"/>
        <line num="185" count="20642" type="cond" truecount="4" falsecount="0"/>
        <line num="186" count="20642" type="stmt"/>
        <line num="187" count="20642" type="cond" truecount="2" falsecount="0"/>
        <line num="188" count="20642" type="cond" truecount="2" falsecount="0"/>
        <line num="189" count="20642" type="cond" truecount="2" falsecount="0"/>
        <line num="190" count="20642" type="cond" truecount="2" falsecount="0"/>
        <line num="193" count="20642" type="cond" truecount="3" falsecount="0"/>
        <line num="194" count="20642" type="cond" truecount="3" falsecount="0"/>
        <line num="197" count="20642" type="cond" truecount="4" falsecount="0"/>
        <line num="198" count="20612" type="stmt"/>
        <line num="202" count="30" type="stmt"/>
        <line num="203" count="30" type="cond" truecount="2" falsecount="0"/>
        <line num="206" count="19" type="stmt"/>
        <line num="209" count="19" type="stmt"/>
        <line num="212" count="19" type="stmt"/>
        <line num="215" count="19" type="stmt"/>
        <line num="218" count="19" type="stmt"/>
        <line num="222" count="19" type="stmt"/>
        <line num="226" count="30" type="stmt"/>
        <line num="227" count="30" type="cond" truecount="2" falsecount="0"/>
        <line num="230" count="29" type="cond" truecount="2" falsecount="0"/>
        <line num="231" count="13" type="stmt"/>
        <line num="234" count="16" type="stmt"/>
        <line num="235" count="16" type="stmt"/>
        <line num="237" count="16" type="stmt"/>
        <line num="239" count="16" type="stmt"/>
        <line num="242" count="16" type="cond" truecount="2" falsecount="0"/>
        <line num="243" count="15" type="stmt"/>
        <line num="246" count="1" type="cond" truecount="1" falsecount="1"/>
        <line num="247" count="0" type="stmt"/>
        <line num="250" count="16" type="stmt"/>
        <line num="253" count="16" type="cond" truecount="2" falsecount="0"/>
        <line num="254" count="3" type="stmt"/>
        <line num="257" count="13" type="stmt"/>
        <line num="261" count="30" type="stmt"/>
        <line num="262" count="30" type="stmt"/>
        <line num="263" count="30" type="stmt"/>
        <line num="265" count="30" type="stmt"/>
        <line num="266" count="383" type="stmt"/>
        <line num="268" count="383" type="cond" truecount="4" falsecount="0"/>
        <line num="269" count="280" type="cond" truecount="2" falsecount="0"/>
        <line num="270" count="30" type="stmt"/>
        <line num="271" count="30" type="stmt"/>
        <line num="273" count="280" type="stmt"/>
        <line num="276" count="103" type="cond" truecount="2" falsecount="0"/>
        <line num="277" count="29" type="cond" truecount="1" falsecount="1"/>
        <line num="278" count="29" type="stmt"/>
        <line num="279" count="29" type="stmt"/>
        <line num="281" count="29" type="stmt"/>
        <line num="284" count="74" type="stmt"/>
        <line num="286" count="30" type="stmt"/>
        <line num="290" count="1164" type="stmt"/>
        <line num="291" count="25212" type="stmt"/>
        <line num="292" count="1164" type="stmt"/>
        <line num="304" count="2" type="stmt"/>
        <line num="323" count="2" type="cond" truecount="1" falsecount="1"/>
        <line num="372" count="1" type="stmt"/>
      </file>
      <file name="options.ts" path="C:/Users/pedro/Projetos/decimal.js-i18n/src/format/options.ts">
        <metrics statements="39" coveredstatements="37" conditionals="25" coveredconditionals="23" methods="11" coveredmethods="11"/>
        <line num="9" count="1" type="stmt"/>
        <line num="25" count="1" type="stmt"/>
        <line num="26" count="3497" type="stmt"/>
        <line num="27" count="3497" type="stmt"/>
        <line num="28" count="3497" type="stmt"/>
        <line num="29" count="3497" type="stmt"/>
        <line num="30" count="3497" type="stmt"/>
        <line num="34" count="3497" type="stmt"/>
        <line num="43" count="1" type="stmt"/>
        <line num="44" count="2328" type="stmt"/>
        <line num="57" count="1" type="stmt"/>
        <line num="61" count="1164" type="stmt"/>
        <line num="66" count="1164" type="stmt"/>
        <line num="67" count="5820" type="cond" truecount="2" falsecount="0"/>
        <line num="68" count="2328" type="stmt"/>
        <line num="72" count="3492" type="cond" truecount="3" falsecount="1"/>
        <line num="76" count="1164" type="cond" truecount="2" falsecount="0"/>
        <line num="77" count="1160" type="stmt"/>
        <line num="81" count="4" type="stmt"/>
        <line num="85" count="1164" type="cond" truecount="2" falsecount="0"/>
        <line num="86" count="1164" type="cond" truecount="2" falsecount="0"/>
        <line num="88" count="1164" type="stmt"/>
        <line num="101" count="1" type="stmt"/>
        <line num="105" count="1164" type="stmt"/>
        <line num="107" count="1164" type="stmt"/>
        <line num="109" count="5820" type="cond" truecount="4" falsecount="0"/>
        <line num="110" count="16" type="stmt"/>
        <line num="115" count="1164" type="cond" truecount="1" falsecount="1"/>
        <line num="116" count="0" type="stmt"/>
        <line num="117" count="0" type="stmt"/>
        <line num="120" count="1164" type="stmt"/>
        <line num="133" count="1" type="stmt"/>
        <line num="136" count="1169" type="stmt"/>
        <line num="137" count="5845" type="cond" truecount="4" falsecount="0"/>
        <line num="138" count="5" type="stmt"/>
        <line num="140" count="5840" type="stmt"/>
        <line num="143" count="5836" type="cond" truecount="2" falsecount="0"/>
        <line num="144" count="1164" type="stmt"/>
        <line num="147" count="25" type="stmt"/>
      </file>
      <file name="part.ts" path="C:/Users/pedro/Projetos/decimal.js-i18n/src/format/part.ts">
        <metrics statements="15" coveredstatements="11" conditionals="7" coveredconditionals="7" methods="8" coveredmethods="6"/>
        <line num="17" count="1" type="cond" truecount="1" falsecount="0"/>
        <line num="18" count="82582" type="cond" truecount="2" falsecount="0"/>
        <line num="19" count="82568" type="stmt"/>
        <line num="21" count="14" type="stmt"/>
        <line num="24" count="82582" type="stmt"/>
        <line num="28" count="1" type="stmt"/>
        <line num="29" count="82799" type="cond" truecount="2" falsecount="0"/>
        <line num="30" count="82799" type="stmt"/>
        <line num="31" count="83160" type="cond" truecount="2" falsecount="0"/>
        <line num="32" count="61984" type="stmt"/>
        <line num="34" count="1" type="stmt"/>
        <line num="35" count="0" type="stmt"/>
        <line num="37" count="0" type="stmt"/>
        <line num="38" count="0" type="stmt"/>
        <line num="41" count="0" type="stmt"/>
      </file>
    </package>
  </project>
</coverage>
